2024-03-07 15:04:27	WARNING	Working....
2024-03-07 15:04:27	NOTICE	Working....
2024-03-07 15:04:27	INFO	Working....
2024-03-07 15:04:27	DEBUG	Working....
2024-03-07 15:04:27	[OTHER]	Working....
2024-03-07 15:04:27	[OTHER]	Working....
2024-03-07 15:04:27	WARNING	Working....
2024-03-07 15:04:27	NOTICE	Working....
2024-03-07 15:04:27	INFO	Working....
2024-03-07 15:04:27	DEBUG	Working....
2024-03-07 15:04:27	[OTHER]	Working....
2024-03-07 15:04:27	[OTHER]	Working....
2024-03-07 15:04:28	WARNING	Working....
2024-03-07 15:04:28	NOTICE	Working....
2024-03-07 15:04:28	INFO	Working....
2024-03-07 15:04:28	DEBUG	Working....
2024-03-07 15:04:28	[OTHER]	Working....
2024-03-07 15:04:28	[OTHER]	Working....
2024-03-07 15:04:29	WARNING	Working....
2024-03-07 15:04:29	NOTICE	Working....
2024-03-07 15:04:29	INFO	Working....
2024-03-07 15:04:29	DEBUG	Working....
2024-03-07 15:04:29	[OTHER]	Working....
2024-03-07 15:04:29	[OTHER]	Working....
2024-03-07 15:04:32	WARNING	Working....
2024-03-07 15:04:32	NOTICE	Working....
2024-03-07 15:04:32	INFO	Working....
2024-03-07 15:04:32	DEBUG	Working....
2024-03-07 15:04:32	[OTHER]	Working....
2024-03-07 15:04:32	[OTHER]	Working....
2024-03-07 15:04:38	WARNING	Working....
2024-03-07 15:04:38	NOTICE	Working....
2024-03-07 15:04:38	INFO	Working....
2024-03-07 15:04:38	DEBUG	Working....
2024-03-07 15:04:38	[OTHER]	Working....
2024-03-07 15:04:38	[OTHER]	Working....
2024-03-07 15:07:46	WARNING	Working....
2024-03-07 15:07:46	NOTICE	Working....
2024-03-07 15:07:46	INFO	Working....
2024-03-07 15:07:46	DEBUG	Working....
2024-03-07 15:07:46	[OTHER]	Working....
2024-03-07 15:07:46	[OTHER]	Working....
2024-03-07 15:22:52	WARNING	Working....
2024-03-07 15:22:52	NOTICE	Working....
2024-03-07 15:22:52	INFO	Working....
2024-03-07 15:22:52	DEBUG	Working....
2024-03-07 15:22:52	[OTHER]	Working....
2024-03-07 15:22:52	[OTHER]	Working....
2024-03-07 15:25:56	WARNING	Working....
2024-03-07 15:25:56	NOTICE	Working....
2024-03-07 15:25:56	INFO	Working....
2024-03-07 15:25:56	DEBUG	Working....
2024-03-07 15:25:56	[OTHER]	Working....
2024-03-07 15:25:56	[OTHER]	Working....
2024-03-07 15:31:48	DEBUG	Se ha creado una nueva instancia de la clase.
2024-03-07 15:31:48	DEBUG	Se ha llamado a GetAccessor para ID con el valor 1.
2024-03-07 15:31:48	DEBUG	Se ha llamado a GetAccessor para ID.
2024-03-07 15:31:48	DEBUG	Se ha llamado a GetAccessor para FirstName con el valor Ed2.
2024-03-07 15:31:48	DEBUG	Se ha llamado a GetAccessor para FirstName.
2024-03-07 15:31:48	DEBUG	Se ha llamado a GetAccessor para LastName con el valor García.
2024-03-07 15:31:48	DEBUG	Se ha llamado a GetAccessor para LastName.
2024-03-07 15:31:48	DEBUG	Se ha llamado a GetAccessor para Username con el valor maria123.
2024-03-07 15:31:48	DEBUG	Se ha llamado a GetAccessor para Username.
2024-03-07 15:31:48	DEBUG	Se ha llamado a GetAccessor para Password con el valor 098f6bcd4621d373cade4e832627b4f6.
2024-03-07 15:31:48	DEBUG	Se ha llamado a GetAccessor para Password.
2024-03-07 15:31:48	DEBUG	Se ha llamado a GetAccessor para EmailAddress con el valor maria@example.com.
2024-03-07 15:31:48	DEBUG	Se ha llamado a GetAccessor para EmailAddress.
2024-03-07 15:31:48	DEBUG	Se ha llamado a GetAccessor para DateLastLogin con el valor 2024-01-20.
2024-03-07 15:31:48	DEBUG	Se ha llamado a GetAccessor para DateLastLogin.
2024-03-07 15:31:48	DEBUG	Se ha llamado a GetAccessor para TimeLastLogin con el valor 10:15:00.
2024-03-07 15:31:48	DEBUG	Se ha llamado a GetAccessor para TimeLastLogin.
2024-03-07 15:31:48	DEBUG	Se ha llamado a GetAccessor para DateAccountCreated con el valor 2024-01-10.
2024-03-07 15:31:48	DEBUG	Se ha llamado a GetAccessor para DateAccountCreated.
2024-03-07 15:31:48	DEBUG	Se ha llamado a GetAccessor para TimeAccountCreated con el valor 09:20:00.
2024-03-07 15:31:48	DEBUG	Se ha llamado a GetAccessor para TimeAccountCreated.
2024-03-07 15:31:48	DEBUG	Se ha creado una nueva instancia de la clase.
2024-03-07 15:31:48	DEBUG	Se ha llamado a GetAccessor para ID con el valor 2.
2024-03-07 15:31:48	DEBUG	Se ha llamado a GetAccessor para ID.
2024-03-07 15:31:48	DEBUG	Se ha llamado a GetAccessor para FirstName con el valor Ed2.
2024-03-07 15:31:48	DEBUG	Se ha llamado a GetAccessor para FirstName.
2024-03-07 15:31:48	DEBUG	Se ha llamado a GetAccessor para LastName con el valor Pérez.
2024-03-07 15:31:48	DEBUG	Se ha llamado a GetAccessor para LastName.
2024-03-07 15:31:48	DEBUG	Se ha llamado a GetAccessor para Username con el valor juanito89.
2024-03-07 15:31:48	DEBUG	Se ha llamado a GetAccessor para Username.
2024-03-07 15:31:48	DEBUG	Se ha llamado a GetAccessor para Password con el valor 5f4dcc3b5aa765d61d8327deb882cf99.
2024-03-07 15:31:48	DEBUG	Se ha llamado a GetAccessor para Password.
2024-03-07 15:31:48	DEBUG	Se ha llamado a GetAccessor para EmailAddress con el valor juanito@example.com.
2024-03-07 15:31:48	DEBUG	Se ha llamado a GetAccessor para EmailAddress.
2024-03-07 15:31:48	DEBUG	Se ha llamado a GetAccessor para DateLastLogin con el valor 2023-12-05.
2024-03-07 15:31:48	DEBUG	Se ha llamado a GetAccessor para DateLastLogin.
2024-03-07 15:31:48	DEBUG	Se ha llamado a GetAccessor para TimeLastLogin con el valor 14:30:00.
2024-03-07 15:31:48	DEBUG	Se ha llamado a GetAccessor para TimeLastLogin.
2024-03-07 15:31:48	DEBUG	Se ha llamado a GetAccessor para DateAccountCreated con el valor 2023-11-15.
2024-03-07 15:31:48	DEBUG	Se ha llamado a GetAccessor para DateAccountCreated.
2024-03-07 15:31:48	DEBUG	Se ha llamado a GetAccessor para TimeAccountCreated con el valor 08:45:00.
2024-03-07 15:31:48	DEBUG	Se ha llamado a GetAccessor para TimeAccountCreated.
2024-03-07 15:31:48	DEBUG	Se ha creado una nueva instancia de la clase.
2024-03-07 15:31:48	DEBUG	Se ha llamado a GetAccessor para ID con el valor 3.
2024-03-07 15:31:48	DEBUG	Se ha llamado a GetAccessor para ID.
2024-03-07 15:31:48	DEBUG	Se ha llamado a GetAccessor para FirstName con el valor Pedro.
2024-03-07 15:31:48	DEBUG	Se ha llamado a GetAccessor para FirstName.
2024-03-07 15:31:48	DEBUG	Se ha llamado a GetAccessor para LastName con el valor López.
2024-03-07 15:31:48	DEBUG	Se ha llamado a GetAccessor para LastName.
2024-03-07 15:31:48	DEBUG	Se ha llamado a GetAccessor para Username con el valor pedrito45.
2024-03-07 15:31:48	DEBUG	Se ha llamado a GetAccessor para Username.
2024-03-07 15:31:48	DEBUG	Se ha llamado a GetAccessor para Password con el valor 827ccb0eea8a706c4c34a16891f84e7b.
2024-03-07 15:31:48	DEBUG	Se ha llamado a GetAccessor para Password.
2024-03-07 15:31:48	DEBUG	Se ha llamado a GetAccessor para EmailAddress con el valor pedro@example.com.
2024-03-07 15:31:48	DEBUG	Se ha llamado a GetAccessor para EmailAddress.
2024-03-07 15:31:48	DEBUG	Se ha llamado a GetAccessor para DateLastLogin con el valor 2023-11-30.
2024-03-07 15:31:48	DEBUG	Se ha llamado a GetAccessor para DateLastLogin.
2024-03-07 15:31:48	DEBUG	Se ha llamado a GetAccessor para TimeLastLogin con el valor 16:45:00.
2024-03-07 15:31:48	DEBUG	Se ha llamado a GetAccessor para TimeLastLogin.
2024-03-07 15:31:48	DEBUG	Se ha llamado a GetAccessor para DateAccountCreated con el valor 2023-11-20.
2024-03-07 15:31:48	DEBUG	Se ha llamado a GetAccessor para DateAccountCreated.
2024-03-07 15:31:48	DEBUG	Se ha llamado a GetAccessor para TimeAccountCreated con el valor 11:10:00.
2024-03-07 15:31:48	DEBUG	Se ha llamado a GetAccessor para TimeAccountCreated.
2024-03-07 15:31:48	DEBUG	Se ha llamado a GetAccessor para FirstName con el valor Ed2.
2024-03-07 15:31:48	DEBUG	Se ha llamado a GetAccessor para FirstName.
2024-03-07 15:31:48	DEBUG	Se ha llamado a GetAccessor para FirstName con el valor Ed2.
2024-03-07 15:31:48	DEBUG	Se ha llamado a GetAccessor para FirstName.
2024-03-07 15:31:48	DEBUG	Se ha llamado a SetAccessor para FirstName con el valor Ed2.
2024-03-07 15:31:48	DEBUG	Se ha llamado a SetAccessor para FirstName.
2024-03-07 15:31:48	DEBUG	Se ha llamado a SetAccessor para FirstName con el valor Ed2.
2024-03-07 15:31:48	DEBUG	Se ha llamado a SetAccessor para FirstName.
2024-03-07 15:31:48	DEBUG	Se ha llamado a GetAccessor para LastName con el valor Pérez.
2024-03-07 15:31:48	DEBUG	Se ha llamado a GetAccessor para LastName.
2024-03-07 15:31:48	DEBUG	Se ha llamado a GetAccessor para LastName con el valor García.
2024-03-07 15:31:48	DEBUG	Se ha llamado a GetAccessor para LastName.
2024-03-07 15:31:48	DEBUG	Se ha llamado a SetAccessor para LastName con el valor García.
2024-03-07 15:31:48	DEBUG	Se ha llamado a SetAccessor para LastName.
2024-03-07 15:31:48	DEBUG	Se ha llamado a SetAccessor para LastName con el valor Pérez.
2024-03-07 15:31:48	DEBUG	Se ha llamado a SetAccessor para LastName.
2024-03-07 15:31:48	DEBUG	Se ha llamado a GetAccessor para Username con el valor juanito89.
2024-03-07 15:31:48	DEBUG	Se ha llamado a GetAccessor para Username.
2024-03-07 15:31:48	DEBUG	Se ha llamado a GetAccessor para Username con el valor maria123.
2024-03-07 15:31:48	DEBUG	Se ha llamado a GetAccessor para Username.
2024-03-07 15:31:48	DEBUG	Se ha llamado a SetAccessor para Username con el valor maria123.
2024-03-07 15:31:48	DEBUG	Se ha llamado a SetAccessor para Username.
2024-03-07 15:31:48	DEBUG	Se ha llamado a SetAccessor para Username con el valor juanito89.
2024-03-07 15:31:48	DEBUG	Se ha llamado a SetAccessor para Username.
2024-03-07 15:31:48	DEBUG	Se ha llamado a GetAccessor para Password con el valor 5f4dcc3b5aa765d61d8327deb882cf99.
2024-03-07 15:31:48	DEBUG	Se ha llamado a GetAccessor para Password.
2024-03-07 15:31:48	DEBUG	Se ha llamado a GetAccessor para Password con el valor 098f6bcd4621d373cade4e832627b4f6.
2024-03-07 15:31:48	DEBUG	Se ha llamado a GetAccessor para Password.
2024-03-07 15:31:48	DEBUG	Se ha llamado a SetAccessor para Password con el valor 098f6bcd4621d373cade4e832627b4f6.
2024-03-07 15:31:48	DEBUG	Se ha llamado a SetAccessor para Password.
2024-03-07 15:31:48	DEBUG	Se ha llamado a SetAccessor para Password con el valor 5f4dcc3b5aa765d61d8327deb882cf99.
2024-03-07 15:31:48	DEBUG	Se ha llamado a SetAccessor para Password.
2024-03-07 15:31:48	DEBUG	Se ha llamado a GetAccessor para EmailAddress con el valor juanito@example.com.
2024-03-07 15:31:48	DEBUG	Se ha llamado a GetAccessor para EmailAddress.
2024-03-07 15:31:48	DEBUG	Se ha llamado a GetAccessor para EmailAddress con el valor maria@example.com.
2024-03-07 15:31:48	DEBUG	Se ha llamado a GetAccessor para EmailAddress.
2024-03-07 15:31:48	DEBUG	Se ha llamado a SetAccessor para EmailAddress con el valor maria@example.com.
2024-03-07 15:31:48	DEBUG	Se ha llamado a SetAccessor para EmailAddress.
2024-03-07 15:31:48	DEBUG	Se ha llamado a SetAccessor para EmailAddress con el valor juanito@example.com.
2024-03-07 15:31:48	DEBUG	Se ha llamado a SetAccessor para EmailAddress.
2024-03-07 15:31:48	DEBUG	Se ha llamado a GetAccessor para DateLastLogin con el valor 2023-12-05.
2024-03-07 15:31:48	DEBUG	Se ha llamado a GetAccessor para DateLastLogin.
2024-03-07 15:31:48	DEBUG	Se ha llamado a GetAccessor para DateLastLogin con el valor 2024-01-20.
2024-03-07 15:31:48	DEBUG	Se ha llamado a GetAccessor para DateLastLogin.
2024-03-07 15:31:48	DEBUG	Se ha llamado a SetAccessor para DateLastLogin con el valor 2024-01-20.
2024-03-07 15:31:48	DEBUG	Se ha llamado a SetAccessor para DateLastLogin.
2024-03-07 15:31:48	DEBUG	Se ha llamado a SetAccessor para DateLastLogin con el valor 2023-12-05.
2024-03-07 15:31:48	DEBUG	Se ha llamado a SetAccessor para DateLastLogin.
2024-03-07 15:31:48	DEBUG	Se ha llamado a GetAccessor para TimeLastLogin con el valor 14:30:00.
2024-03-07 15:31:48	DEBUG	Se ha llamado a GetAccessor para TimeLastLogin.
2024-03-07 15:31:48	DEBUG	Se ha llamado a GetAccessor para TimeLastLogin con el valor 10:15:00.
2024-03-07 15:31:48	DEBUG	Se ha llamado a GetAccessor para TimeLastLogin.
2024-03-07 15:31:48	DEBUG	Se ha llamado a SetAccessor para TimeLastLogin con el valor 10:15:00.
2024-03-07 15:31:48	DEBUG	Se ha llamado a SetAccessor para TimeLastLogin.
2024-03-07 15:31:48	DEBUG	Se ha llamado a SetAccessor para TimeLastLogin con el valor 14:30:00.
2024-03-07 15:31:48	DEBUG	Se ha llamado a SetAccessor para TimeLastLogin.
2024-03-07 15:31:48	DEBUG	Se ha llamado a GetAccessor para DateAccountCreated con el valor 2023-11-15.
2024-03-07 15:31:48	DEBUG	Se ha llamado a GetAccessor para DateAccountCreated.
2024-03-07 15:31:48	DEBUG	Se ha llamado a GetAccessor para DateAccountCreated con el valor 2024-01-10.
2024-03-07 15:31:48	DEBUG	Se ha llamado a GetAccessor para DateAccountCreated.
2024-03-07 15:31:48	DEBUG	Se ha llamado a SetAccessor para DateAccountCreated con el valor 2024-01-10.
2024-03-07 15:31:48	DEBUG	Se ha llamado a SetAccessor para DateAccountCreated.
2024-03-07 15:31:48	DEBUG	Se ha llamado a SetAccessor para DateAccountCreated con el valor 2023-11-15.
2024-03-07 15:31:48	DEBUG	Se ha llamado a SetAccessor para DateAccountCreated.
2024-03-07 15:31:48	DEBUG	Se ha llamado a GetAccessor para TimeAccountCreated con el valor 08:45:00.
2024-03-07 15:31:48	DEBUG	Se ha llamado a GetAccessor para TimeAccountCreated.
2024-03-07 15:31:48	DEBUG	Se ha llamado a GetAccessor para TimeAccountCreated con el valor 09:20:00.
2024-03-07 15:31:48	DEBUG	Se ha llamado a GetAccessor para TimeAccountCreated.
2024-03-07 15:31:48	DEBUG	Se ha llamado a SetAccessor para TimeAccountCreated con el valor 09:20:00.
2024-03-07 15:31:48	DEBUG	Se ha llamado a SetAccessor para TimeAccountCreated.
2024-03-07 15:31:48	DEBUG	Se ha llamado a SetAccessor para TimeAccountCreated con el valor 08:45:00.
2024-03-07 15:31:48	DEBUG	Se ha llamado a SetAccessor para TimeAccountCreated.
2024-03-07 15:31:48	INFO	Se ha guardado o actualizado un registro en la base de datos.
2024-03-07 15:31:48	INFO	Se ha guardado o actualizado un registro en la base de datos.
2024-03-07 15:31:48	INFO	Se ha guardado o actualizado un registro en la base de datos.
2024-03-07 15:31:48	DEBUG	Se ha llamado a GetAccessor para ID con el valor 1.
2024-03-07 15:31:48	DEBUG	Se ha llamado a GetAccessor para ID.
2024-03-07 15:31:48	DEBUG	Se ha llamado a GetAccessor para FirstName con el valor Ed2.
2024-03-07 15:31:48	DEBUG	Se ha llamado a GetAccessor para FirstName.
2024-03-07 15:31:48	DEBUG	Se ha llamado a GetAccessor para LastName con el valor Pérez.
2024-03-07 15:31:48	DEBUG	Se ha llamado a GetAccessor para LastName.
2024-03-07 15:31:48	DEBUG	Se ha llamado a GetAccessor para Username con el valor juanito89.
2024-03-07 15:31:48	DEBUG	Se ha llamado a GetAccessor para Username.
2024-03-07 15:31:48	DEBUG	Se ha llamado a GetAccessor para Password con el valor 5f4dcc3b5aa765d61d8327deb882cf99.
2024-03-07 15:31:48	DEBUG	Se ha llamado a GetAccessor para Password.
2024-03-07 15:31:48	DEBUG	Se ha llamado a GetAccessor para EmailAddress con el valor juanito@example.com.
2024-03-07 15:31:48	DEBUG	Se ha llamado a GetAccessor para EmailAddress.
2024-03-07 15:31:48	DEBUG	Se ha llamado a GetAccessor para DateLastLogin con el valor 2023-12-05.
2024-03-07 15:31:48	DEBUG	Se ha llamado a GetAccessor para DateLastLogin.
2024-03-07 15:31:48	DEBUG	Se ha llamado a GetAccessor para TimeLastLogin con el valor 14:30:00.
2024-03-07 15:31:48	DEBUG	Se ha llamado a GetAccessor para TimeLastLogin.
2024-03-07 15:31:48	DEBUG	Se ha llamado a GetAccessor para DateAccountCreated con el valor 2023-11-15.
2024-03-07 15:31:48	DEBUG	Se ha llamado a GetAccessor para DateAccountCreated.
2024-03-07 15:31:48	DEBUG	Se ha llamado a GetAccessor para TimeAccountCreated con el valor 08:45:00.
2024-03-07 15:31:48	DEBUG	Se ha llamado a GetAccessor para TimeAccountCreated.
2024-03-07 15:31:48	DEBUG	Se ha llamado a GetAccessor para ID con el valor 2.
2024-03-07 15:31:48	DEBUG	Se ha llamado a GetAccessor para ID.
2024-03-07 15:31:48	DEBUG	Se ha llamado a GetAccessor para FirstName con el valor Ed2.
2024-03-07 15:31:48	DEBUG	Se ha llamado a GetAccessor para FirstName.
2024-03-07 15:31:48	DEBUG	Se ha llamado a GetAccessor para LastName con el valor García.
2024-03-07 15:31:48	DEBUG	Se ha llamado a GetAccessor para LastName.
2024-03-07 15:31:48	DEBUG	Se ha llamado a GetAccessor para Username con el valor maria123.
2024-03-07 15:31:48	DEBUG	Se ha llamado a GetAccessor para Username.
2024-03-07 15:31:48	DEBUG	Se ha llamado a GetAccessor para Password con el valor 098f6bcd4621d373cade4e832627b4f6.
2024-03-07 15:31:48	DEBUG	Se ha llamado a GetAccessor para Password.
2024-03-07 15:31:48	DEBUG	Se ha llamado a GetAccessor para EmailAddress con el valor maria@example.com.
2024-03-07 15:31:48	DEBUG	Se ha llamado a GetAccessor para EmailAddress.
2024-03-07 15:31:48	DEBUG	Se ha llamado a GetAccessor para DateLastLogin con el valor 2024-01-20.
2024-03-07 15:31:48	DEBUG	Se ha llamado a GetAccessor para DateLastLogin.
2024-03-07 15:31:48	DEBUG	Se ha llamado a GetAccessor para TimeLastLogin con el valor 10:15:00.
2024-03-07 15:31:48	DEBUG	Se ha llamado a GetAccessor para TimeLastLogin.
2024-03-07 15:31:48	DEBUG	Se ha llamado a GetAccessor para DateAccountCreated con el valor 2024-01-10.
2024-03-07 15:31:48	DEBUG	Se ha llamado a GetAccessor para DateAccountCreated.
2024-03-07 15:31:48	DEBUG	Se ha llamado a GetAccessor para TimeAccountCreated con el valor 09:20:00.
2024-03-07 15:31:48	DEBUG	Se ha llamado a GetAccessor para TimeAccountCreated.
2024-03-07 15:31:48	DEBUG	Se ha llamado a GetAccessor para ID con el valor 3.
2024-03-07 15:31:48	DEBUG	Se ha llamado a GetAccessor para ID.
2024-03-07 15:31:48	DEBUG	Se ha llamado a GetAccessor para FirstName con el valor Pedro.
2024-03-07 15:31:48	DEBUG	Se ha llamado a GetAccessor para FirstName.
2024-03-07 15:31:48	DEBUG	Se ha llamado a GetAccessor para LastName con el valor López.
2024-03-07 15:31:48	DEBUG	Se ha llamado a GetAccessor para LastName.
2024-03-07 15:31:48	DEBUG	Se ha llamado a GetAccessor para Username con el valor pedrito45.
2024-03-07 15:31:48	DEBUG	Se ha llamado a GetAccessor para Username.
2024-03-07 15:31:48	DEBUG	Se ha llamado a GetAccessor para Password con el valor 827ccb0eea8a706c4c34a16891f84e7b.
2024-03-07 15:31:48	DEBUG	Se ha llamado a GetAccessor para Password.
2024-03-07 15:31:48	DEBUG	Se ha llamado a GetAccessor para EmailAddress con el valor pedro@example.com.
2024-03-07 15:31:48	DEBUG	Se ha llamado a GetAccessor para EmailAddress.
2024-03-07 15:31:48	DEBUG	Se ha llamado a GetAccessor para DateLastLogin con el valor 2023-11-30.
2024-03-07 15:31:48	DEBUG	Se ha llamado a GetAccessor para DateLastLogin.
2024-03-07 15:31:48	DEBUG	Se ha llamado a GetAccessor para TimeLastLogin con el valor 16:45:00.
2024-03-07 15:31:48	DEBUG	Se ha llamado a GetAccessor para TimeLastLogin.
2024-03-07 15:31:48	DEBUG	Se ha llamado a GetAccessor para DateAccountCreated con el valor 2023-11-20.
2024-03-07 15:31:48	DEBUG	Se ha llamado a GetAccessor para DateAccountCreated.
2024-03-07 15:31:48	DEBUG	Se ha llamado a GetAccessor para TimeAccountCreated con el valor 11:10:00.
2024-03-07 15:31:48	DEBUG	Se ha llamado a GetAccessor para TimeAccountCreated.
2024-03-07 15:31:50	DEBUG	Se ha creado una nueva instancia de la clase.
2024-03-07 15:31:50	DEBUG	Se ha llamado a GetAccessor para ID con el valor 1.
2024-03-07 15:31:50	DEBUG	Se ha llamado a GetAccessor para ID.
2024-03-07 15:31:50	DEBUG	Se ha llamado a GetAccessor para FirstName con el valor Ed2.
2024-03-07 15:31:50	DEBUG	Se ha llamado a GetAccessor para FirstName.
2024-03-07 15:31:50	DEBUG	Se ha llamado a GetAccessor para LastName con el valor Pérez.
2024-03-07 15:31:50	DEBUG	Se ha llamado a GetAccessor para LastName.
2024-03-07 15:31:50	DEBUG	Se ha llamado a GetAccessor para Username con el valor juanito89.
2024-03-07 15:31:50	DEBUG	Se ha llamado a GetAccessor para Username.
2024-03-07 15:31:50	DEBUG	Se ha llamado a GetAccessor para Password con el valor 5f4dcc3b5aa765d61d8327deb882cf99.
2024-03-07 15:31:50	DEBUG	Se ha llamado a GetAccessor para Password.
2024-03-07 15:31:50	DEBUG	Se ha llamado a GetAccessor para EmailAddress con el valor juanito@example.com.
2024-03-07 15:31:50	DEBUG	Se ha llamado a GetAccessor para EmailAddress.
2024-03-07 15:31:50	DEBUG	Se ha llamado a GetAccessor para DateLastLogin con el valor 2023-12-05.
2024-03-07 15:31:50	DEBUG	Se ha llamado a GetAccessor para DateLastLogin.
2024-03-07 15:31:50	DEBUG	Se ha llamado a GetAccessor para TimeLastLogin con el valor 14:30:00.
2024-03-07 15:31:50	DEBUG	Se ha llamado a GetAccessor para TimeLastLogin.
2024-03-07 15:31:50	DEBUG	Se ha llamado a GetAccessor para DateAccountCreated con el valor 2023-11-15.
2024-03-07 15:31:50	DEBUG	Se ha llamado a GetAccessor para DateAccountCreated.
2024-03-07 15:31:50	DEBUG	Se ha llamado a GetAccessor para TimeAccountCreated con el valor 08:45:00.
2024-03-07 15:31:50	DEBUG	Se ha llamado a GetAccessor para TimeAccountCreated.
2024-03-07 15:31:50	DEBUG	Se ha creado una nueva instancia de la clase.
2024-03-07 15:31:50	DEBUG	Se ha llamado a GetAccessor para ID con el valor 2.
2024-03-07 15:31:50	DEBUG	Se ha llamado a GetAccessor para ID.
2024-03-07 15:31:50	DEBUG	Se ha llamado a GetAccessor para FirstName con el valor Ed2.
2024-03-07 15:31:50	DEBUG	Se ha llamado a GetAccessor para FirstName.
2024-03-07 15:31:50	DEBUG	Se ha llamado a GetAccessor para LastName con el valor García.
2024-03-07 15:31:50	DEBUG	Se ha llamado a GetAccessor para LastName.
2024-03-07 15:31:50	DEBUG	Se ha llamado a GetAccessor para Username con el valor maria123.
2024-03-07 15:31:50	DEBUG	Se ha llamado a GetAccessor para Username.
2024-03-07 15:31:50	DEBUG	Se ha llamado a GetAccessor para Password con el valor 098f6bcd4621d373cade4e832627b4f6.
2024-03-07 15:31:50	DEBUG	Se ha llamado a GetAccessor para Password.
2024-03-07 15:31:50	DEBUG	Se ha llamado a GetAccessor para EmailAddress con el valor maria@example.com.
2024-03-07 15:31:50	DEBUG	Se ha llamado a GetAccessor para EmailAddress.
2024-03-07 15:31:50	DEBUG	Se ha llamado a GetAccessor para DateLastLogin con el valor 2024-01-20.
2024-03-07 15:31:50	DEBUG	Se ha llamado a GetAccessor para DateLastLogin.
2024-03-07 15:31:50	DEBUG	Se ha llamado a GetAccessor para TimeLastLogin con el valor 10:15:00.
2024-03-07 15:31:50	DEBUG	Se ha llamado a GetAccessor para TimeLastLogin.
2024-03-07 15:31:50	DEBUG	Se ha llamado a GetAccessor para DateAccountCreated con el valor 2024-01-10.
2024-03-07 15:31:50	DEBUG	Se ha llamado a GetAccessor para DateAccountCreated.
2024-03-07 15:31:50	DEBUG	Se ha llamado a GetAccessor para TimeAccountCreated con el valor 09:20:00.
2024-03-07 15:31:50	DEBUG	Se ha llamado a GetAccessor para TimeAccountCreated.
2024-03-07 15:31:51	DEBUG	Se ha creado una nueva instancia de la clase.
2024-03-07 15:31:51	DEBUG	Se ha llamado a GetAccessor para ID con el valor 3.
2024-03-07 15:31:51	DEBUG	Se ha llamado a GetAccessor para ID.
2024-03-07 15:31:51	DEBUG	Se ha llamado a GetAccessor para FirstName con el valor Pedro.
2024-03-07 15:31:51	DEBUG	Se ha llamado a GetAccessor para FirstName.
2024-03-07 15:31:51	DEBUG	Se ha llamado a GetAccessor para LastName con el valor López.
2024-03-07 15:31:51	DEBUG	Se ha llamado a GetAccessor para LastName.
2024-03-07 15:31:51	DEBUG	Se ha llamado a GetAccessor para Username con el valor pedrito45.
2024-03-07 15:31:51	DEBUG	Se ha llamado a GetAccessor para Username.
2024-03-07 15:31:51	DEBUG	Se ha llamado a GetAccessor para Password con el valor 827ccb0eea8a706c4c34a16891f84e7b.
2024-03-07 15:31:51	DEBUG	Se ha llamado a GetAccessor para Password.
2024-03-07 15:31:51	DEBUG	Se ha llamado a GetAccessor para EmailAddress con el valor pedro@example.com.
2024-03-07 15:31:51	DEBUG	Se ha llamado a GetAccessor para EmailAddress.
2024-03-07 15:31:51	DEBUG	Se ha llamado a GetAccessor para DateLastLogin con el valor 2023-11-30.
2024-03-07 15:31:51	DEBUG	Se ha llamado a GetAccessor para DateLastLogin.
2024-03-07 15:31:51	DEBUG	Se ha llamado a GetAccessor para TimeLastLogin con el valor 16:45:00.
2024-03-07 15:31:51	DEBUG	Se ha llamado a GetAccessor para TimeLastLogin.
2024-03-07 15:31:51	DEBUG	Se ha llamado a GetAccessor para DateAccountCreated con el valor 2023-11-20.
2024-03-07 15:31:51	DEBUG	Se ha llamado a GetAccessor para DateAccountCreated.
2024-03-07 15:31:51	DEBUG	Se ha llamado a GetAccessor para TimeAccountCreated con el valor 11:10:00.
2024-03-07 15:31:51	DEBUG	Se ha llamado a GetAccessor para TimeAccountCreated.
2024-03-07 15:31:51	DEBUG	Se ha llamado a GetAccessor para FirstName con el valor Ed2.
2024-03-07 15:31:51	DEBUG	Se ha llamado a GetAccessor para FirstName.
2024-03-07 15:31:51	DEBUG	Se ha llamado a GetAccessor para FirstName con el valor Ed2.
2024-03-07 15:31:51	DEBUG	Se ha llamado a GetAccessor para FirstName.
2024-03-07 15:31:51	DEBUG	Se ha llamado a SetAccessor para FirstName con el valor Ed2.
2024-03-07 15:31:51	DEBUG	Se ha llamado a SetAccessor para FirstName.
2024-03-07 15:31:51	DEBUG	Se ha llamado a SetAccessor para FirstName con el valor Ed2.
2024-03-07 15:31:51	DEBUG	Se ha llamado a SetAccessor para FirstName.
2024-03-07 15:31:51	DEBUG	Se ha llamado a GetAccessor para LastName con el valor García.
2024-03-07 15:31:51	DEBUG	Se ha llamado a GetAccessor para LastName.
2024-03-07 15:31:51	DEBUG	Se ha llamado a GetAccessor para LastName con el valor Pérez.
2024-03-07 15:31:51	DEBUG	Se ha llamado a GetAccessor para LastName.
2024-03-07 15:31:51	DEBUG	Se ha llamado a SetAccessor para LastName con el valor Pérez.
2024-03-07 15:31:51	DEBUG	Se ha llamado a SetAccessor para LastName.
2024-03-07 15:31:51	DEBUG	Se ha llamado a SetAccessor para LastName con el valor García.
2024-03-07 15:31:51	DEBUG	Se ha llamado a SetAccessor para LastName.
2024-03-07 15:31:51	DEBUG	Se ha llamado a GetAccessor para Username con el valor maria123.
2024-03-07 15:31:51	DEBUG	Se ha llamado a GetAccessor para Username.
2024-03-07 15:31:51	DEBUG	Se ha llamado a GetAccessor para Username con el valor juanito89.
2024-03-07 15:31:51	DEBUG	Se ha llamado a GetAccessor para Username.
2024-03-07 15:31:51	DEBUG	Se ha llamado a SetAccessor para Username con el valor juanito89.
2024-03-07 15:31:51	DEBUG	Se ha llamado a SetAccessor para Username.
2024-03-07 15:31:51	DEBUG	Se ha llamado a SetAccessor para Username con el valor maria123.
2024-03-07 15:31:51	DEBUG	Se ha llamado a SetAccessor para Username.
2024-03-07 15:31:51	DEBUG	Se ha llamado a GetAccessor para Password con el valor 098f6bcd4621d373cade4e832627b4f6.
2024-03-07 15:31:51	DEBUG	Se ha llamado a GetAccessor para Password.
2024-03-07 15:31:51	DEBUG	Se ha llamado a GetAccessor para Password con el valor 5f4dcc3b5aa765d61d8327deb882cf99.
2024-03-07 15:31:51	DEBUG	Se ha llamado a GetAccessor para Password.
2024-03-07 15:31:51	DEBUG	Se ha llamado a SetAccessor para Password con el valor 5f4dcc3b5aa765d61d8327deb882cf99.
2024-03-07 15:31:51	DEBUG	Se ha llamado a SetAccessor para Password.
2024-03-07 15:31:51	DEBUG	Se ha llamado a SetAccessor para Password con el valor 098f6bcd4621d373cade4e832627b4f6.
2024-03-07 15:31:51	DEBUG	Se ha llamado a SetAccessor para Password.
2024-03-07 15:31:51	DEBUG	Se ha llamado a GetAccessor para EmailAddress con el valor maria@example.com.
2024-03-07 15:31:51	DEBUG	Se ha llamado a GetAccessor para EmailAddress.
2024-03-07 15:31:51	DEBUG	Se ha llamado a GetAccessor para EmailAddress con el valor juanito@example.com.
2024-03-07 15:31:51	DEBUG	Se ha llamado a GetAccessor para EmailAddress.
2024-03-07 15:31:51	DEBUG	Se ha llamado a SetAccessor para EmailAddress con el valor juanito@example.com.
2024-03-07 15:31:51	DEBUG	Se ha llamado a SetAccessor para EmailAddress.
2024-03-07 15:31:51	DEBUG	Se ha llamado a SetAccessor para EmailAddress con el valor maria@example.com.
2024-03-07 15:31:51	DEBUG	Se ha llamado a SetAccessor para EmailAddress.
2024-03-07 15:31:51	DEBUG	Se ha llamado a GetAccessor para DateLastLogin con el valor 2024-01-20.
2024-03-07 15:31:51	DEBUG	Se ha llamado a GetAccessor para DateLastLogin.
2024-03-07 15:31:51	DEBUG	Se ha llamado a GetAccessor para DateLastLogin con el valor 2023-12-05.
2024-03-07 15:31:51	DEBUG	Se ha llamado a GetAccessor para DateLastLogin.
2024-03-07 15:31:51	DEBUG	Se ha llamado a SetAccessor para DateLastLogin con el valor 2023-12-05.
2024-03-07 15:31:51	DEBUG	Se ha llamado a SetAccessor para DateLastLogin.
2024-03-07 15:31:51	DEBUG	Se ha llamado a SetAccessor para DateLastLogin con el valor 2024-01-20.
2024-03-07 15:31:51	DEBUG	Se ha llamado a SetAccessor para DateLastLogin.
2024-03-07 15:31:51	DEBUG	Se ha llamado a GetAccessor para TimeLastLogin con el valor 10:15:00.
2024-03-07 15:31:51	DEBUG	Se ha llamado a GetAccessor para TimeLastLogin.
2024-03-07 15:31:51	DEBUG	Se ha llamado a GetAccessor para TimeLastLogin con el valor 14:30:00.
2024-03-07 15:31:51	DEBUG	Se ha llamado a GetAccessor para TimeLastLogin.
2024-03-07 15:31:51	DEBUG	Se ha llamado a SetAccessor para TimeLastLogin con el valor 14:30:00.
2024-03-07 15:31:51	DEBUG	Se ha llamado a SetAccessor para TimeLastLogin.
2024-03-07 15:31:51	DEBUG	Se ha llamado a SetAccessor para TimeLastLogin con el valor 10:15:00.
2024-03-07 15:31:51	DEBUG	Se ha llamado a SetAccessor para TimeLastLogin.
2024-03-07 15:31:51	DEBUG	Se ha llamado a GetAccessor para DateAccountCreated con el valor 2024-01-10.
2024-03-07 15:31:51	DEBUG	Se ha llamado a GetAccessor para DateAccountCreated.
2024-03-07 15:31:51	DEBUG	Se ha llamado a GetAccessor para DateAccountCreated con el valor 2023-11-15.
2024-03-07 15:31:51	DEBUG	Se ha llamado a GetAccessor para DateAccountCreated.
2024-03-07 15:31:51	DEBUG	Se ha llamado a SetAccessor para DateAccountCreated con el valor 2023-11-15.
2024-03-07 15:31:51	DEBUG	Se ha llamado a SetAccessor para DateAccountCreated.
2024-03-07 15:31:51	DEBUG	Se ha llamado a SetAccessor para DateAccountCreated con el valor 2024-01-10.
2024-03-07 15:31:51	DEBUG	Se ha llamado a SetAccessor para DateAccountCreated.
2024-03-07 15:31:51	DEBUG	Se ha llamado a GetAccessor para TimeAccountCreated con el valor 09:20:00.
2024-03-07 15:31:51	DEBUG	Se ha llamado a GetAccessor para TimeAccountCreated.
2024-03-07 15:31:51	DEBUG	Se ha llamado a GetAccessor para TimeAccountCreated con el valor 08:45:00.
2024-03-07 15:31:51	DEBUG	Se ha llamado a GetAccessor para TimeAccountCreated.
2024-03-07 15:31:51	DEBUG	Se ha llamado a SetAccessor para TimeAccountCreated con el valor 08:45:00.
2024-03-07 15:31:51	DEBUG	Se ha llamado a SetAccessor para TimeAccountCreated.
2024-03-07 15:31:51	DEBUG	Se ha llamado a SetAccessor para TimeAccountCreated con el valor 09:20:00.
2024-03-07 15:31:51	DEBUG	Se ha llamado a SetAccessor para TimeAccountCreated.
2024-03-07 15:31:51	INFO	Se ha guardado o actualizado un registro en la base de datos.
2024-03-07 15:31:51	INFO	Se ha guardado o actualizado un registro en la base de datos.
2024-03-07 15:31:51	INFO	Se ha guardado o actualizado un registro en la base de datos.
2024-03-07 15:31:51	DEBUG	Se ha llamado a GetAccessor para ID con el valor 1.
2024-03-07 15:31:51	DEBUG	Se ha llamado a GetAccessor para ID.
2024-03-07 15:31:51	DEBUG	Se ha llamado a GetAccessor para FirstName con el valor Ed2.
2024-03-07 15:31:51	DEBUG	Se ha llamado a GetAccessor para FirstName.
2024-03-07 15:31:51	DEBUG	Se ha llamado a GetAccessor para LastName con el valor García.
2024-03-07 15:31:51	DEBUG	Se ha llamado a GetAccessor para LastName.
2024-03-07 15:31:51	DEBUG	Se ha llamado a GetAccessor para Username con el valor maria123.
2024-03-07 15:31:51	DEBUG	Se ha llamado a GetAccessor para Username.
2024-03-07 15:31:51	DEBUG	Se ha llamado a GetAccessor para Password con el valor 098f6bcd4621d373cade4e832627b4f6.
2024-03-07 15:31:51	DEBUG	Se ha llamado a GetAccessor para Password.
2024-03-07 15:31:51	DEBUG	Se ha llamado a GetAccessor para EmailAddress con el valor maria@example.com.
2024-03-07 15:31:51	DEBUG	Se ha llamado a GetAccessor para EmailAddress.
2024-03-07 15:31:51	DEBUG	Se ha llamado a GetAccessor para DateLastLogin con el valor 2024-01-20.
2024-03-07 15:31:51	DEBUG	Se ha llamado a GetAccessor para DateLastLogin.
2024-03-07 15:31:51	DEBUG	Se ha llamado a GetAccessor para TimeLastLogin con el valor 10:15:00.
2024-03-07 15:31:51	DEBUG	Se ha llamado a GetAccessor para TimeLastLogin.
2024-03-07 15:31:51	DEBUG	Se ha llamado a GetAccessor para DateAccountCreated con el valor 2024-01-10.
2024-03-07 15:31:51	DEBUG	Se ha llamado a GetAccessor para DateAccountCreated.
2024-03-07 15:31:51	DEBUG	Se ha llamado a GetAccessor para TimeAccountCreated con el valor 09:20:00.
2024-03-07 15:31:51	DEBUG	Se ha llamado a GetAccessor para TimeAccountCreated.
2024-03-07 15:31:51	DEBUG	Se ha llamado a GetAccessor para ID con el valor 2.
2024-03-07 15:31:51	DEBUG	Se ha llamado a GetAccessor para ID.
2024-03-07 15:31:51	DEBUG	Se ha llamado a GetAccessor para FirstName con el valor Ed2.
2024-03-07 15:31:51	DEBUG	Se ha llamado a GetAccessor para FirstName.
2024-03-07 15:31:51	DEBUG	Se ha llamado a GetAccessor para LastName con el valor Pérez.
2024-03-07 15:31:51	DEBUG	Se ha llamado a GetAccessor para LastName.
2024-03-07 15:31:51	DEBUG	Se ha llamado a GetAccessor para Username con el valor juanito89.
2024-03-07 15:31:51	DEBUG	Se ha llamado a GetAccessor para Username.
2024-03-07 15:31:51	DEBUG	Se ha llamado a GetAccessor para Password con el valor 5f4dcc3b5aa765d61d8327deb882cf99.
2024-03-07 15:31:51	DEBUG	Se ha llamado a GetAccessor para Password.
2024-03-07 15:31:51	DEBUG	Se ha llamado a GetAccessor para EmailAddress con el valor juanito@example.com.
2024-03-07 15:31:51	DEBUG	Se ha llamado a GetAccessor para EmailAddress.
2024-03-07 15:31:51	DEBUG	Se ha llamado a GetAccessor para DateLastLogin con el valor 2023-12-05.
2024-03-07 15:31:51	DEBUG	Se ha llamado a GetAccessor para DateLastLogin.
2024-03-07 15:31:51	DEBUG	Se ha llamado a GetAccessor para TimeLastLogin con el valor 14:30:00.
2024-03-07 15:31:51	DEBUG	Se ha llamado a GetAccessor para TimeLastLogin.
2024-03-07 15:31:51	DEBUG	Se ha llamado a GetAccessor para DateAccountCreated con el valor 2023-11-15.
2024-03-07 15:31:51	DEBUG	Se ha llamado a GetAccessor para DateAccountCreated.
2024-03-07 15:31:51	DEBUG	Se ha llamado a GetAccessor para TimeAccountCreated con el valor 08:45:00.
2024-03-07 15:31:51	DEBUG	Se ha llamado a GetAccessor para TimeAccountCreated.
2024-03-07 15:31:51	DEBUG	Se ha llamado a GetAccessor para ID con el valor 3.
2024-03-07 15:31:51	DEBUG	Se ha llamado a GetAccessor para ID.
2024-03-07 15:31:51	DEBUG	Se ha llamado a GetAccessor para FirstName con el valor Pedro.
2024-03-07 15:31:51	DEBUG	Se ha llamado a GetAccessor para FirstName.
2024-03-07 15:31:51	DEBUG	Se ha llamado a GetAccessor para LastName con el valor López.
2024-03-07 15:31:51	DEBUG	Se ha llamado a GetAccessor para LastName.
2024-03-07 15:31:51	DEBUG	Se ha llamado a GetAccessor para Username con el valor pedrito45.
2024-03-07 15:31:51	DEBUG	Se ha llamado a GetAccessor para Username.
2024-03-07 15:31:51	DEBUG	Se ha llamado a GetAccessor para Password con el valor 827ccb0eea8a706c4c34a16891f84e7b.
2024-03-07 15:31:51	DEBUG	Se ha llamado a GetAccessor para Password.
2024-03-07 15:31:51	DEBUG	Se ha llamado a GetAccessor para EmailAddress con el valor pedro@example.com.
2024-03-07 15:31:51	DEBUG	Se ha llamado a GetAccessor para EmailAddress.
2024-03-07 15:31:51	DEBUG	Se ha llamado a GetAccessor para DateLastLogin con el valor 2023-11-30.
2024-03-07 15:31:51	DEBUG	Se ha llamado a GetAccessor para DateLastLogin.
2024-03-07 15:31:51	DEBUG	Se ha llamado a GetAccessor para TimeLastLogin con el valor 16:45:00.
2024-03-07 15:31:51	DEBUG	Se ha llamado a GetAccessor para TimeLastLogin.
2024-03-07 15:31:51	DEBUG	Se ha llamado a GetAccessor para DateAccountCreated con el valor 2023-11-20.
2024-03-07 15:31:51	DEBUG	Se ha llamado a GetAccessor para DateAccountCreated.
2024-03-07 15:31:51	DEBUG	Se ha llamado a GetAccessor para TimeAccountCreated con el valor 11:10:00.
2024-03-07 15:31:51	DEBUG	Se ha llamado a GetAccessor para TimeAccountCreated.
2024-03-07 15:33:16	DEBUG	Se ha creado una nueva instancia de la clase.
2024-03-07 15:33:16	DEBUG	Se ha llamado a GetAccessor para ID con el valor 1.
2024-03-07 15:33:16	DEBUG	Se ha llamado a GetAccessor para ID.
2024-03-07 15:33:16	DEBUG	Se ha llamado a GetAccessor para FirstName con el valor Ed2.
2024-03-07 15:33:16	DEBUG	Se ha llamado a GetAccessor para FirstName.
2024-03-07 15:33:16	DEBUG	Se ha llamado a GetAccessor para LastName con el valor García.
2024-03-07 15:33:16	DEBUG	Se ha llamado a GetAccessor para LastName.
2024-03-07 15:33:16	DEBUG	Se ha llamado a GetAccessor para Username con el valor maria123.
2024-03-07 15:33:16	DEBUG	Se ha llamado a GetAccessor para Username.
2024-03-07 15:33:16	DEBUG	Se ha llamado a GetAccessor para Password con el valor 098f6bcd4621d373cade4e832627b4f6.
2024-03-07 15:33:16	DEBUG	Se ha llamado a GetAccessor para Password.
2024-03-07 15:33:16	DEBUG	Se ha llamado a GetAccessor para EmailAddress con el valor maria@example.com.
2024-03-07 15:33:16	DEBUG	Se ha llamado a GetAccessor para EmailAddress.
2024-03-07 15:33:16	DEBUG	Se ha llamado a GetAccessor para DateLastLogin con el valor 2024-01-20.
2024-03-07 15:33:16	DEBUG	Se ha llamado a GetAccessor para DateLastLogin.
2024-03-07 15:33:16	DEBUG	Se ha llamado a GetAccessor para TimeLastLogin con el valor 10:15:00.
2024-03-07 15:33:16	DEBUG	Se ha llamado a GetAccessor para TimeLastLogin.
2024-03-07 15:33:16	DEBUG	Se ha llamado a GetAccessor para DateAccountCreated con el valor 2024-01-10.
2024-03-07 15:33:16	DEBUG	Se ha llamado a GetAccessor para DateAccountCreated.
2024-03-07 15:33:16	DEBUG	Se ha llamado a GetAccessor para TimeAccountCreated con el valor 09:20:00.
2024-03-07 15:33:16	DEBUG	Se ha llamado a GetAccessor para TimeAccountCreated.
2024-03-07 15:33:16	DEBUG	Se ha creado una nueva instancia de la clase.
2024-03-07 15:33:16	DEBUG	Se ha llamado a GetAccessor para ID con el valor 2.
2024-03-07 15:33:16	DEBUG	Se ha llamado a GetAccessor para ID.
2024-03-07 15:33:16	DEBUG	Se ha llamado a GetAccessor para FirstName con el valor Ed2.
2024-03-07 15:33:16	DEBUG	Se ha llamado a GetAccessor para FirstName.
2024-03-07 15:33:16	DEBUG	Se ha llamado a GetAccessor para LastName con el valor Pérez.
2024-03-07 15:33:16	DEBUG	Se ha llamado a GetAccessor para LastName.
2024-03-07 15:33:16	DEBUG	Se ha llamado a GetAccessor para Username con el valor juanito89.
2024-03-07 15:33:16	DEBUG	Se ha llamado a GetAccessor para Username.
2024-03-07 15:33:16	DEBUG	Se ha llamado a GetAccessor para Password con el valor 5f4dcc3b5aa765d61d8327deb882cf99.
2024-03-07 15:33:16	DEBUG	Se ha llamado a GetAccessor para Password.
2024-03-07 15:33:16	DEBUG	Se ha llamado a GetAccessor para EmailAddress con el valor juanito@example.com.
2024-03-07 15:33:16	DEBUG	Se ha llamado a GetAccessor para EmailAddress.
2024-03-07 15:33:16	DEBUG	Se ha llamado a GetAccessor para DateLastLogin con el valor 2023-12-05.
2024-03-07 15:33:16	DEBUG	Se ha llamado a GetAccessor para DateLastLogin.
2024-03-07 15:33:16	DEBUG	Se ha llamado a GetAccessor para TimeLastLogin con el valor 14:30:00.
2024-03-07 15:33:16	DEBUG	Se ha llamado a GetAccessor para TimeLastLogin.
2024-03-07 15:33:16	DEBUG	Se ha llamado a GetAccessor para DateAccountCreated con el valor 2023-11-15.
2024-03-07 15:33:16	DEBUG	Se ha llamado a GetAccessor para DateAccountCreated.
2024-03-07 15:33:16	DEBUG	Se ha llamado a GetAccessor para TimeAccountCreated con el valor 08:45:00.
2024-03-07 15:33:16	DEBUG	Se ha llamado a GetAccessor para TimeAccountCreated.
2024-03-07 15:33:16	DEBUG	Se ha creado una nueva instancia de la clase.
2024-03-07 15:33:16	DEBUG	Se ha llamado a GetAccessor para ID con el valor 3.
2024-03-07 15:33:16	DEBUG	Se ha llamado a GetAccessor para ID.
2024-03-07 15:33:16	DEBUG	Se ha llamado a GetAccessor para FirstName con el valor Pedro.
2024-03-07 15:33:16	DEBUG	Se ha llamado a GetAccessor para FirstName.
2024-03-07 15:33:16	DEBUG	Se ha llamado a GetAccessor para LastName con el valor López.
2024-03-07 15:33:16	DEBUG	Se ha llamado a GetAccessor para LastName.
2024-03-07 15:33:16	DEBUG	Se ha llamado a GetAccessor para Username con el valor pedrito45.
2024-03-07 15:33:16	DEBUG	Se ha llamado a GetAccessor para Username.
2024-03-07 15:33:16	DEBUG	Se ha llamado a GetAccessor para Password con el valor 827ccb0eea8a706c4c34a16891f84e7b.
2024-03-07 15:33:16	DEBUG	Se ha llamado a GetAccessor para Password.
2024-03-07 15:33:16	DEBUG	Se ha llamado a GetAccessor para EmailAddress con el valor pedro@example.com.
2024-03-07 15:33:16	DEBUG	Se ha llamado a GetAccessor para EmailAddress.
2024-03-07 15:33:16	DEBUG	Se ha llamado a GetAccessor para DateLastLogin con el valor 2023-11-30.
2024-03-07 15:33:16	DEBUG	Se ha llamado a GetAccessor para DateLastLogin.
2024-03-07 15:33:16	DEBUG	Se ha llamado a GetAccessor para TimeLastLogin con el valor 16:45:00.
2024-03-07 15:33:16	DEBUG	Se ha llamado a GetAccessor para TimeLastLogin.
2024-03-07 15:33:16	DEBUG	Se ha llamado a GetAccessor para DateAccountCreated con el valor 2023-11-20.
2024-03-07 15:33:16	DEBUG	Se ha llamado a GetAccessor para DateAccountCreated.
2024-03-07 15:33:16	DEBUG	Se ha llamado a GetAccessor para TimeAccountCreated con el valor 11:10:00.
2024-03-07 15:33:16	DEBUG	Se ha llamado a GetAccessor para TimeAccountCreated.
2024-03-07 15:33:16	DEBUG	Se ha llamado a GetAccessor para FirstName con el valor Ed2.
2024-03-07 15:33:16	DEBUG	Se ha llamado a GetAccessor para FirstName.
2024-03-07 15:33:17	DEBUG	Se ha llamado a GetAccessor para FirstName con el valor Ed2.
2024-03-07 15:33:17	DEBUG	Se ha llamado a GetAccessor para FirstName.
2024-03-07 15:33:17	DEBUG	Se ha llamado a SetAccessor para FirstName con el valor Ed2.
2024-03-07 15:33:17	DEBUG	Se ha llamado a SetAccessor para FirstName.
2024-03-07 15:33:17	DEBUG	Se ha llamado a SetAccessor para FirstName con el valor Ed2.
2024-03-07 15:33:17	DEBUG	Se ha llamado a SetAccessor para FirstName.
2024-03-07 15:33:17	DEBUG	Se ha llamado a GetAccessor para LastName con el valor Pérez.
2024-03-07 15:33:17	DEBUG	Se ha llamado a GetAccessor para LastName.
2024-03-07 15:33:17	DEBUG	Se ha llamado a GetAccessor para LastName con el valor García.
2024-03-07 15:33:17	DEBUG	Se ha llamado a GetAccessor para LastName.
2024-03-07 15:33:17	DEBUG	Se ha llamado a SetAccessor para LastName con el valor García.
2024-03-07 15:33:17	DEBUG	Se ha llamado a SetAccessor para LastName.
2024-03-07 15:33:17	DEBUG	Se ha llamado a SetAccessor para LastName con el valor Pérez.
2024-03-07 15:33:17	DEBUG	Se ha llamado a SetAccessor para LastName.
2024-03-07 15:33:17	DEBUG	Se ha llamado a GetAccessor para Username con el valor juanito89.
2024-03-07 15:33:17	DEBUG	Se ha llamado a GetAccessor para Username.
2024-03-07 15:33:17	DEBUG	Se ha llamado a GetAccessor para Username con el valor maria123.
2024-03-07 15:33:17	DEBUG	Se ha llamado a GetAccessor para Username.
2024-03-07 15:33:17	DEBUG	Se ha llamado a SetAccessor para Username con el valor maria123.
2024-03-07 15:33:17	DEBUG	Se ha llamado a SetAccessor para Username.
2024-03-07 15:33:17	DEBUG	Se ha llamado a SetAccessor para Username con el valor juanito89.
2024-03-07 15:33:17	DEBUG	Se ha llamado a SetAccessor para Username.
2024-03-07 15:33:17	DEBUG	Se ha llamado a GetAccessor para Password con el valor 5f4dcc3b5aa765d61d8327deb882cf99.
2024-03-07 15:33:17	DEBUG	Se ha llamado a GetAccessor para Password.
2024-03-07 15:33:17	DEBUG	Se ha llamado a GetAccessor para Password con el valor 098f6bcd4621d373cade4e832627b4f6.
2024-03-07 15:33:17	DEBUG	Se ha llamado a GetAccessor para Password.
2024-03-07 15:33:17	DEBUG	Se ha llamado a SetAccessor para Password con el valor 098f6bcd4621d373cade4e832627b4f6.
2024-03-07 15:33:17	DEBUG	Se ha llamado a SetAccessor para Password.
2024-03-07 15:33:17	DEBUG	Se ha llamado a SetAccessor para Password con el valor 5f4dcc3b5aa765d61d8327deb882cf99.
2024-03-07 15:33:17	DEBUG	Se ha llamado a SetAccessor para Password.
2024-03-07 15:33:17	DEBUG	Se ha llamado a GetAccessor para EmailAddress con el valor juanito@example.com.
2024-03-07 15:33:17	DEBUG	Se ha llamado a GetAccessor para EmailAddress.
2024-03-07 15:33:17	DEBUG	Se ha llamado a GetAccessor para EmailAddress con el valor maria@example.com.
2024-03-07 15:33:17	DEBUG	Se ha llamado a GetAccessor para EmailAddress.
2024-03-07 15:33:17	DEBUG	Se ha llamado a SetAccessor para EmailAddress con el valor maria@example.com.
2024-03-07 15:33:17	DEBUG	Se ha llamado a SetAccessor para EmailAddress.
2024-03-07 15:33:17	DEBUG	Se ha llamado a SetAccessor para EmailAddress con el valor juanito@example.com.
2024-03-07 15:33:17	DEBUG	Se ha llamado a SetAccessor para EmailAddress.
2024-03-07 15:33:17	DEBUG	Se ha llamado a GetAccessor para DateLastLogin con el valor 2023-12-05.
2024-03-07 15:33:17	DEBUG	Se ha llamado a GetAccessor para DateLastLogin.
2024-03-07 15:33:17	DEBUG	Se ha llamado a GetAccessor para DateLastLogin con el valor 2024-01-20.
2024-03-07 15:33:17	DEBUG	Se ha llamado a GetAccessor para DateLastLogin.
2024-03-07 15:33:17	DEBUG	Se ha llamado a SetAccessor para DateLastLogin con el valor 2024-01-20.
2024-03-07 15:33:17	DEBUG	Se ha llamado a SetAccessor para DateLastLogin.
2024-03-07 15:33:17	DEBUG	Se ha llamado a SetAccessor para DateLastLogin con el valor 2023-12-05.
2024-03-07 15:33:17	DEBUG	Se ha llamado a SetAccessor para DateLastLogin.
2024-03-07 15:33:17	DEBUG	Se ha llamado a GetAccessor para TimeLastLogin con el valor 14:30:00.
2024-03-07 15:33:17	DEBUG	Se ha llamado a GetAccessor para TimeLastLogin.
2024-03-07 15:33:17	DEBUG	Se ha llamado a GetAccessor para TimeLastLogin con el valor 10:15:00.
2024-03-07 15:33:17	DEBUG	Se ha llamado a GetAccessor para TimeLastLogin.
2024-03-07 15:33:17	DEBUG	Se ha llamado a SetAccessor para TimeLastLogin con el valor 10:15:00.
2024-03-07 15:33:17	DEBUG	Se ha llamado a SetAccessor para TimeLastLogin.
2024-03-07 15:33:17	DEBUG	Se ha llamado a SetAccessor para TimeLastLogin con el valor 14:30:00.
2024-03-07 15:33:17	DEBUG	Se ha llamado a SetAccessor para TimeLastLogin.
2024-03-07 15:33:17	DEBUG	Se ha llamado a GetAccessor para DateAccountCreated con el valor 2023-11-15.
2024-03-07 15:33:17	DEBUG	Se ha llamado a GetAccessor para DateAccountCreated.
2024-03-07 15:33:17	DEBUG	Se ha llamado a GetAccessor para DateAccountCreated con el valor 2024-01-10.
2024-03-07 15:33:17	DEBUG	Se ha llamado a GetAccessor para DateAccountCreated.
2024-03-07 15:33:17	DEBUG	Se ha llamado a SetAccessor para DateAccountCreated con el valor 2024-01-10.
2024-03-07 15:33:17	DEBUG	Se ha llamado a SetAccessor para DateAccountCreated.
2024-03-07 15:33:17	DEBUG	Se ha llamado a SetAccessor para DateAccountCreated con el valor 2023-11-15.
2024-03-07 15:33:17	DEBUG	Se ha llamado a SetAccessor para DateAccountCreated.
2024-03-07 15:33:17	DEBUG	Se ha llamado a GetAccessor para TimeAccountCreated con el valor 08:45:00.
2024-03-07 15:33:17	DEBUG	Se ha llamado a GetAccessor para TimeAccountCreated.
2024-03-07 15:33:17	DEBUG	Se ha llamado a GetAccessor para TimeAccountCreated con el valor 09:20:00.
2024-03-07 15:33:17	DEBUG	Se ha llamado a GetAccessor para TimeAccountCreated.
2024-03-07 15:33:17	DEBUG	Se ha llamado a SetAccessor para TimeAccountCreated con el valor 09:20:00.
2024-03-07 15:33:17	DEBUG	Se ha llamado a SetAccessor para TimeAccountCreated.
2024-03-07 15:33:17	DEBUG	Se ha llamado a SetAccessor para TimeAccountCreated con el valor 08:45:00.
2024-03-07 15:33:17	DEBUG	Se ha llamado a SetAccessor para TimeAccountCreated.
2024-03-07 15:33:17	INFO	Se ha guardado o actualizado un registro en la base de datos.
2024-03-07 15:33:17	INFO	Se ha guardado o actualizado un registro en la base de datos.
2024-03-07 15:33:17	INFO	Se ha guardado o actualizado un registro en la base de datos.
2024-03-07 15:33:17	DEBUG	Se ha llamado a GetAccessor para ID con el valor 1.
2024-03-07 15:33:17	DEBUG	Se ha llamado a GetAccessor para ID.
2024-03-07 15:33:17	DEBUG	Se ha llamado a GetAccessor para FirstName con el valor Ed2.
2024-03-07 15:33:17	DEBUG	Se ha llamado a GetAccessor para FirstName.
2024-03-07 15:33:17	DEBUG	Se ha llamado a GetAccessor para LastName con el valor Pérez.
2024-03-07 15:33:17	DEBUG	Se ha llamado a GetAccessor para LastName.
2024-03-07 15:33:17	DEBUG	Se ha llamado a GetAccessor para Username con el valor juanito89.
2024-03-07 15:33:17	DEBUG	Se ha llamado a GetAccessor para Username.
2024-03-07 15:33:17	DEBUG	Se ha llamado a GetAccessor para Password con el valor 5f4dcc3b5aa765d61d8327deb882cf99.
2024-03-07 15:33:17	DEBUG	Se ha llamado a GetAccessor para Password.
2024-03-07 15:33:17	DEBUG	Se ha llamado a GetAccessor para EmailAddress con el valor juanito@example.com.
2024-03-07 15:33:17	DEBUG	Se ha llamado a GetAccessor para EmailAddress.
2024-03-07 15:33:17	DEBUG	Se ha llamado a GetAccessor para DateLastLogin con el valor 2023-12-05.
2024-03-07 15:33:17	DEBUG	Se ha llamado a GetAccessor para DateLastLogin.
2024-03-07 15:33:17	DEBUG	Se ha llamado a GetAccessor para TimeLastLogin con el valor 14:30:00.
2024-03-07 15:33:17	DEBUG	Se ha llamado a GetAccessor para TimeLastLogin.
2024-03-07 15:33:17	DEBUG	Se ha llamado a GetAccessor para DateAccountCreated con el valor 2023-11-15.
2024-03-07 15:33:17	DEBUG	Se ha llamado a GetAccessor para DateAccountCreated.
2024-03-07 15:33:17	DEBUG	Se ha llamado a GetAccessor para TimeAccountCreated con el valor 08:45:00.
2024-03-07 15:33:17	DEBUG	Se ha llamado a GetAccessor para TimeAccountCreated.
2024-03-07 15:33:17	DEBUG	Se ha llamado a GetAccessor para ID con el valor 2.
2024-03-07 15:33:17	DEBUG	Se ha llamado a GetAccessor para ID.
2024-03-07 15:33:17	DEBUG	Se ha llamado a GetAccessor para FirstName con el valor Ed2.
2024-03-07 15:33:17	DEBUG	Se ha llamado a GetAccessor para FirstName.
2024-03-07 15:33:17	DEBUG	Se ha llamado a GetAccessor para LastName con el valor García.
2024-03-07 15:33:17	DEBUG	Se ha llamado a GetAccessor para LastName.
2024-03-07 15:33:17	DEBUG	Se ha llamado a GetAccessor para Username con el valor maria123.
2024-03-07 15:33:17	DEBUG	Se ha llamado a GetAccessor para Username.
2024-03-07 15:33:17	DEBUG	Se ha llamado a GetAccessor para Password con el valor 098f6bcd4621d373cade4e832627b4f6.
2024-03-07 15:33:17	DEBUG	Se ha llamado a GetAccessor para Password.
2024-03-07 15:33:17	DEBUG	Se ha llamado a GetAccessor para EmailAddress con el valor maria@example.com.
2024-03-07 15:33:17	DEBUG	Se ha llamado a GetAccessor para EmailAddress.
2024-03-07 15:33:17	DEBUG	Se ha llamado a GetAccessor para DateLastLogin con el valor 2024-01-20.
2024-03-07 15:33:17	DEBUG	Se ha llamado a GetAccessor para DateLastLogin.
2024-03-07 15:33:17	DEBUG	Se ha llamado a GetAccessor para TimeLastLogin con el valor 10:15:00.
2024-03-07 15:33:17	DEBUG	Se ha llamado a GetAccessor para TimeLastLogin.
2024-03-07 15:33:17	DEBUG	Se ha llamado a GetAccessor para DateAccountCreated con el valor 2024-01-10.
2024-03-07 15:33:17	DEBUG	Se ha llamado a GetAccessor para DateAccountCreated.
2024-03-07 15:33:17	DEBUG	Se ha llamado a GetAccessor para TimeAccountCreated con el valor 09:20:00.
2024-03-07 15:33:17	DEBUG	Se ha llamado a GetAccessor para TimeAccountCreated.
2024-03-07 15:33:17	DEBUG	Se ha llamado a GetAccessor para ID con el valor 3.
2024-03-07 15:33:17	DEBUG	Se ha llamado a GetAccessor para ID.
2024-03-07 15:33:17	DEBUG	Se ha llamado a GetAccessor para FirstName con el valor Pedro.
2024-03-07 15:33:17	DEBUG	Se ha llamado a GetAccessor para FirstName.
2024-03-07 15:33:17	DEBUG	Se ha llamado a GetAccessor para LastName con el valor López.
2024-03-07 15:33:17	DEBUG	Se ha llamado a GetAccessor para LastName.
2024-03-07 15:33:17	DEBUG	Se ha llamado a GetAccessor para Username con el valor pedrito45.
2024-03-07 15:33:17	DEBUG	Se ha llamado a GetAccessor para Username.
2024-03-07 15:33:17	DEBUG	Se ha llamado a GetAccessor para Password con el valor 827ccb0eea8a706c4c34a16891f84e7b.
2024-03-07 15:33:17	DEBUG	Se ha llamado a GetAccessor para Password.
2024-03-07 15:33:17	DEBUG	Se ha llamado a GetAccessor para EmailAddress con el valor pedro@example.com.
2024-03-07 15:33:17	DEBUG	Se ha llamado a GetAccessor para EmailAddress.
2024-03-07 15:33:17	DEBUG	Se ha llamado a GetAccessor para DateLastLogin con el valor 2023-11-30.
2024-03-07 15:33:17	DEBUG	Se ha llamado a GetAccessor para DateLastLogin.
2024-03-07 15:33:17	DEBUG	Se ha llamado a GetAccessor para TimeLastLogin con el valor 16:45:00.
2024-03-07 15:33:17	DEBUG	Se ha llamado a GetAccessor para TimeLastLogin.
2024-03-07 15:33:17	DEBUG	Se ha llamado a GetAccessor para DateAccountCreated con el valor 2023-11-20.
2024-03-07 15:33:17	DEBUG	Se ha llamado a GetAccessor para DateAccountCreated.
2024-03-07 15:33:17	DEBUG	Se ha llamado a GetAccessor para TimeAccountCreated con el valor 11:10:00.
2024-03-07 15:33:17	DEBUG	Se ha llamado a GetAccessor para TimeAccountCreated.
2024-03-07 15:34:42	DEBUG	Se ha creado una nueva instancia de la clase.
2024-03-07 15:34:42	DEBUG	Se ha llamado a GetAccessor para ID con el valor 1.
2024-03-07 15:34:42	DEBUG	Se ha llamado a GetAccessor para ID.
2024-03-07 15:34:42	DEBUG	Se ha llamado a GetAccessor para FirstName con el valor Ed2.
2024-03-07 15:34:42	DEBUG	Se ha llamado a GetAccessor para FirstName.
2024-03-07 15:34:42	DEBUG	Se ha llamado a GetAccessor para LastName con el valor Pérez.
2024-03-07 15:34:42	DEBUG	Se ha llamado a GetAccessor para LastName.
2024-03-07 15:34:42	DEBUG	Se ha llamado a GetAccessor para Username con el valor juanito89.
2024-03-07 15:34:42	DEBUG	Se ha llamado a GetAccessor para Username.
2024-03-07 15:34:42	DEBUG	Se ha llamado a GetAccessor para Password con el valor 5f4dcc3b5aa765d61d8327deb882cf99.
2024-03-07 15:34:42	DEBUG	Se ha llamado a GetAccessor para Password.
2024-03-07 15:34:42	DEBUG	Se ha llamado a GetAccessor para EmailAddress con el valor juanito@example.com.
2024-03-07 15:34:42	DEBUG	Se ha llamado a GetAccessor para EmailAddress.
2024-03-07 15:34:42	DEBUG	Se ha llamado a GetAccessor para DateLastLogin con el valor 2023-12-05.
2024-03-07 15:34:42	DEBUG	Se ha llamado a GetAccessor para DateLastLogin.
2024-03-07 15:34:42	DEBUG	Se ha llamado a GetAccessor para TimeLastLogin con el valor 14:30:00.
2024-03-07 15:34:42	DEBUG	Se ha llamado a GetAccessor para TimeLastLogin.
2024-03-07 15:34:42	DEBUG	Se ha llamado a GetAccessor para DateAccountCreated con el valor 2023-11-15.
2024-03-07 15:34:42	DEBUG	Se ha llamado a GetAccessor para DateAccountCreated.
2024-03-07 15:34:42	DEBUG	Se ha llamado a GetAccessor para TimeAccountCreated con el valor 08:45:00.
2024-03-07 15:34:42	DEBUG	Se ha llamado a GetAccessor para TimeAccountCreated.
2024-03-07 15:34:42	DEBUG	Se ha creado una nueva instancia de la clase.
2024-03-07 15:34:42	DEBUG	Se ha llamado a GetAccessor para ID con el valor 2.
2024-03-07 15:34:42	DEBUG	Se ha llamado a GetAccessor para ID.
2024-03-07 15:34:42	DEBUG	Se ha llamado a GetAccessor para FirstName con el valor Ed2.
2024-03-07 15:34:42	DEBUG	Se ha llamado a GetAccessor para FirstName.
2024-03-07 15:34:42	DEBUG	Se ha llamado a GetAccessor para LastName con el valor García.
2024-03-07 15:34:42	DEBUG	Se ha llamado a GetAccessor para LastName.
2024-03-07 15:34:42	DEBUG	Se ha llamado a GetAccessor para Username con el valor maria123.
2024-03-07 15:34:42	DEBUG	Se ha llamado a GetAccessor para Username.
2024-03-07 15:34:42	DEBUG	Se ha llamado a GetAccessor para Password con el valor 098f6bcd4621d373cade4e832627b4f6.
2024-03-07 15:34:42	DEBUG	Se ha llamado a GetAccessor para Password.
2024-03-07 15:34:42	DEBUG	Se ha llamado a GetAccessor para EmailAddress con el valor maria@example.com.
2024-03-07 15:34:42	DEBUG	Se ha llamado a GetAccessor para EmailAddress.
2024-03-07 15:34:42	DEBUG	Se ha llamado a GetAccessor para DateLastLogin con el valor 2024-01-20.
2024-03-07 15:34:42	DEBUG	Se ha llamado a GetAccessor para DateLastLogin.
2024-03-07 15:34:42	DEBUG	Se ha llamado a GetAccessor para TimeLastLogin con el valor 10:15:00.
2024-03-07 15:34:42	DEBUG	Se ha llamado a GetAccessor para TimeLastLogin.
2024-03-07 15:34:42	DEBUG	Se ha llamado a GetAccessor para DateAccountCreated con el valor 2024-01-10.
2024-03-07 15:34:42	DEBUG	Se ha llamado a GetAccessor para DateAccountCreated.
2024-03-07 15:34:42	DEBUG	Se ha llamado a GetAccessor para TimeAccountCreated con el valor 09:20:00.
2024-03-07 15:34:42	DEBUG	Se ha llamado a GetAccessor para TimeAccountCreated.
2024-03-07 15:34:42	DEBUG	Se ha creado una nueva instancia de la clase.
2024-03-07 15:34:42	DEBUG	Se ha llamado a GetAccessor para ID con el valor 3.
2024-03-07 15:34:42	DEBUG	Se ha llamado a GetAccessor para ID.
2024-03-07 15:34:42	DEBUG	Se ha llamado a GetAccessor para FirstName con el valor Pedro.
2024-03-07 15:34:42	DEBUG	Se ha llamado a GetAccessor para FirstName.
2024-03-07 15:34:42	DEBUG	Se ha llamado a GetAccessor para LastName con el valor López.
2024-03-07 15:34:42	DEBUG	Se ha llamado a GetAccessor para LastName.
2024-03-07 15:34:42	DEBUG	Se ha llamado a GetAccessor para Username con el valor pedrito45.
2024-03-07 15:34:42	DEBUG	Se ha llamado a GetAccessor para Username.
2024-03-07 15:34:42	DEBUG	Se ha llamado a GetAccessor para Password con el valor 827ccb0eea8a706c4c34a16891f84e7b.
2024-03-07 15:34:42	DEBUG	Se ha llamado a GetAccessor para Password.
2024-03-07 15:34:42	DEBUG	Se ha llamado a GetAccessor para EmailAddress con el valor pedro@example.com.
2024-03-07 15:34:42	DEBUG	Se ha llamado a GetAccessor para EmailAddress.
2024-03-07 15:34:42	DEBUG	Se ha llamado a GetAccessor para DateLastLogin con el valor 2023-11-30.
2024-03-07 15:34:42	DEBUG	Se ha llamado a GetAccessor para DateLastLogin.
2024-03-07 15:34:42	DEBUG	Se ha llamado a GetAccessor para TimeLastLogin con el valor 16:45:00.
2024-03-07 15:34:42	DEBUG	Se ha llamado a GetAccessor para TimeLastLogin.
2024-03-07 15:34:42	DEBUG	Se ha llamado a GetAccessor para DateAccountCreated con el valor 2023-11-20.
2024-03-07 15:34:42	DEBUG	Se ha llamado a GetAccessor para DateAccountCreated.
2024-03-07 15:34:42	DEBUG	Se ha llamado a GetAccessor para TimeAccountCreated con el valor 11:10:00.
2024-03-07 15:34:42	DEBUG	Se ha llamado a GetAccessor para TimeAccountCreated.
2024-03-07 15:34:42	DEBUG	Se ha llamado a GetAccessor para FirstName con el valor Ed2.
2024-03-07 15:34:42	DEBUG	Se ha llamado a GetAccessor para FirstName.
2024-03-07 15:34:42	DEBUG	Se ha llamado a GetAccessor para FirstName con el valor Ed2.
2024-03-07 15:34:42	DEBUG	Se ha llamado a GetAccessor para FirstName.
2024-03-07 15:34:42	DEBUG	Se ha llamado a SetAccessor para FirstName con el valor Ed2.
2024-03-07 15:34:42	DEBUG	Se ha llamado a SetAccessor para FirstName.
2024-03-07 15:34:42	DEBUG	Se ha llamado a SetAccessor para FirstName con el valor Ed2.
2024-03-07 15:34:42	DEBUG	Se ha llamado a SetAccessor para FirstName.
2024-03-07 15:34:42	DEBUG	Se ha llamado a GetAccessor para LastName con el valor García.
2024-03-07 15:34:42	DEBUG	Se ha llamado a GetAccessor para LastName.
2024-03-07 15:34:42	DEBUG	Se ha llamado a GetAccessor para LastName con el valor Pérez.
2024-03-07 15:34:42	DEBUG	Se ha llamado a GetAccessor para LastName.
2024-03-07 15:34:42	DEBUG	Se ha llamado a SetAccessor para LastName con el valor Pérez.
2024-03-07 15:34:42	DEBUG	Se ha llamado a SetAccessor para LastName.
2024-03-07 15:34:42	DEBUG	Se ha llamado a SetAccessor para LastName con el valor García.
2024-03-07 15:34:42	DEBUG	Se ha llamado a SetAccessor para LastName.
2024-03-07 15:34:42	DEBUG	Se ha llamado a GetAccessor para Username con el valor maria123.
2024-03-07 15:34:42	DEBUG	Se ha llamado a GetAccessor para Username.
2024-03-07 15:34:42	DEBUG	Se ha llamado a GetAccessor para Username con el valor juanito89.
2024-03-07 15:34:42	DEBUG	Se ha llamado a GetAccessor para Username.
2024-03-07 15:34:42	DEBUG	Se ha llamado a SetAccessor para Username con el valor juanito89.
2024-03-07 15:34:42	DEBUG	Se ha llamado a SetAccessor para Username.
2024-03-07 15:34:42	DEBUG	Se ha llamado a SetAccessor para Username con el valor maria123.
2024-03-07 15:34:42	DEBUG	Se ha llamado a SetAccessor para Username.
2024-03-07 15:34:42	DEBUG	Se ha llamado a GetAccessor para Password con el valor 098f6bcd4621d373cade4e832627b4f6.
2024-03-07 15:34:42	DEBUG	Se ha llamado a GetAccessor para Password.
2024-03-07 15:34:42	DEBUG	Se ha llamado a GetAccessor para Password con el valor 5f4dcc3b5aa765d61d8327deb882cf99.
2024-03-07 15:34:42	DEBUG	Se ha llamado a GetAccessor para Password.
2024-03-07 15:34:42	DEBUG	Se ha llamado a SetAccessor para Password con el valor 5f4dcc3b5aa765d61d8327deb882cf99.
2024-03-07 15:34:42	DEBUG	Se ha llamado a SetAccessor para Password.
2024-03-07 15:34:42	DEBUG	Se ha llamado a SetAccessor para Password con el valor 098f6bcd4621d373cade4e832627b4f6.
2024-03-07 15:34:42	DEBUG	Se ha llamado a SetAccessor para Password.
2024-03-07 15:34:42	DEBUG	Se ha llamado a GetAccessor para EmailAddress con el valor maria@example.com.
2024-03-07 15:34:42	DEBUG	Se ha llamado a GetAccessor para EmailAddress.
2024-03-07 15:34:42	DEBUG	Se ha llamado a GetAccessor para EmailAddress con el valor juanito@example.com.
2024-03-07 15:34:42	DEBUG	Se ha llamado a GetAccessor para EmailAddress.
2024-03-07 15:34:42	DEBUG	Se ha llamado a SetAccessor para EmailAddress con el valor juanito@example.com.
2024-03-07 15:34:42	DEBUG	Se ha llamado a SetAccessor para EmailAddress.
2024-03-07 15:34:42	DEBUG	Se ha llamado a SetAccessor para EmailAddress con el valor maria@example.com.
2024-03-07 15:34:42	DEBUG	Se ha llamado a SetAccessor para EmailAddress.
2024-03-07 15:34:42	DEBUG	Se ha llamado a GetAccessor para DateLastLogin con el valor 2024-01-20.
2024-03-07 15:34:42	DEBUG	Se ha llamado a GetAccessor para DateLastLogin.
2024-03-07 15:34:42	DEBUG	Se ha llamado a GetAccessor para DateLastLogin con el valor 2023-12-05.
2024-03-07 15:34:42	DEBUG	Se ha llamado a GetAccessor para DateLastLogin.
2024-03-07 15:34:42	DEBUG	Se ha llamado a SetAccessor para DateLastLogin con el valor 2023-12-05.
2024-03-07 15:34:42	DEBUG	Se ha llamado a SetAccessor para DateLastLogin.
2024-03-07 15:34:42	DEBUG	Se ha llamado a SetAccessor para DateLastLogin con el valor 2024-01-20.
2024-03-07 15:34:42	DEBUG	Se ha llamado a SetAccessor para DateLastLogin.
2024-03-07 15:34:42	DEBUG	Se ha llamado a GetAccessor para TimeLastLogin con el valor 10:15:00.
2024-03-07 15:34:42	DEBUG	Se ha llamado a GetAccessor para TimeLastLogin.
2024-03-07 15:34:42	DEBUG	Se ha llamado a GetAccessor para TimeLastLogin con el valor 14:30:00.
2024-03-07 15:34:42	DEBUG	Se ha llamado a GetAccessor para TimeLastLogin.
2024-03-07 15:34:42	DEBUG	Se ha llamado a SetAccessor para TimeLastLogin con el valor 14:30:00.
2024-03-07 15:34:42	DEBUG	Se ha llamado a SetAccessor para TimeLastLogin.
2024-03-07 15:34:42	DEBUG	Se ha llamado a SetAccessor para TimeLastLogin con el valor 10:15:00.
2024-03-07 15:34:42	DEBUG	Se ha llamado a SetAccessor para TimeLastLogin.
2024-03-07 15:34:42	DEBUG	Se ha llamado a GetAccessor para DateAccountCreated con el valor 2024-01-10.
2024-03-07 15:34:42	DEBUG	Se ha llamado a GetAccessor para DateAccountCreated.
2024-03-07 15:34:42	DEBUG	Se ha llamado a GetAccessor para DateAccountCreated con el valor 2023-11-15.
2024-03-07 15:34:42	DEBUG	Se ha llamado a GetAccessor para DateAccountCreated.
2024-03-07 15:34:42	DEBUG	Se ha llamado a SetAccessor para DateAccountCreated con el valor 2023-11-15.
2024-03-07 15:34:42	DEBUG	Se ha llamado a SetAccessor para DateAccountCreated.
2024-03-07 15:34:42	DEBUG	Se ha llamado a SetAccessor para DateAccountCreated con el valor 2024-01-10.
2024-03-07 15:34:42	DEBUG	Se ha llamado a SetAccessor para DateAccountCreated.
2024-03-07 15:34:42	DEBUG	Se ha llamado a GetAccessor para TimeAccountCreated con el valor 09:20:00.
2024-03-07 15:34:42	DEBUG	Se ha llamado a GetAccessor para TimeAccountCreated.
2024-03-07 15:34:42	DEBUG	Se ha llamado a GetAccessor para TimeAccountCreated con el valor 08:45:00.
2024-03-07 15:34:42	DEBUG	Se ha llamado a GetAccessor para TimeAccountCreated.
2024-03-07 15:34:42	DEBUG	Se ha llamado a SetAccessor para TimeAccountCreated con el valor 08:45:00.
2024-03-07 15:34:42	DEBUG	Se ha llamado a SetAccessor para TimeAccountCreated.
2024-03-07 15:34:42	DEBUG	Se ha llamado a SetAccessor para TimeAccountCreated con el valor 09:20:00.
2024-03-07 15:34:42	DEBUG	Se ha llamado a SetAccessor para TimeAccountCreated.
2024-03-07 15:34:42	INFO	Se ha guardado o actualizado un registro en la base de datos.
2024-03-07 15:34:42	INFO	Se ha guardado o actualizado un registro en la base de datos.
2024-03-07 15:34:42	INFO	Se ha guardado o actualizado un registro en la base de datos.
2024-03-07 15:34:42	DEBUG	Se ha llamado a GetAccessor para ID con el valor 1.
2024-03-07 15:34:42	DEBUG	Se ha llamado a GetAccessor para ID.
2024-03-07 15:34:42	DEBUG	Se ha llamado a GetAccessor para FirstName con el valor Ed2.
2024-03-07 15:34:42	DEBUG	Se ha llamado a GetAccessor para FirstName.
2024-03-07 15:34:42	DEBUG	Se ha llamado a GetAccessor para LastName con el valor García.
2024-03-07 15:34:42	DEBUG	Se ha llamado a GetAccessor para LastName.
2024-03-07 15:34:42	DEBUG	Se ha llamado a GetAccessor para Username con el valor maria123.
2024-03-07 15:34:42	DEBUG	Se ha llamado a GetAccessor para Username.
2024-03-07 15:34:42	DEBUG	Se ha llamado a GetAccessor para Password con el valor 098f6bcd4621d373cade4e832627b4f6.
2024-03-07 15:34:42	DEBUG	Se ha llamado a GetAccessor para Password.
2024-03-07 15:34:42	DEBUG	Se ha llamado a GetAccessor para EmailAddress con el valor maria@example.com.
2024-03-07 15:34:42	DEBUG	Se ha llamado a GetAccessor para EmailAddress.
2024-03-07 15:34:42	DEBUG	Se ha llamado a GetAccessor para DateLastLogin con el valor 2024-01-20.
2024-03-07 15:34:42	DEBUG	Se ha llamado a GetAccessor para DateLastLogin.
2024-03-07 15:34:42	DEBUG	Se ha llamado a GetAccessor para TimeLastLogin con el valor 10:15:00.
2024-03-07 15:34:42	DEBUG	Se ha llamado a GetAccessor para TimeLastLogin.
2024-03-07 15:34:42	DEBUG	Se ha llamado a GetAccessor para DateAccountCreated con el valor 2024-01-10.
2024-03-07 15:34:42	DEBUG	Se ha llamado a GetAccessor para DateAccountCreated.
2024-03-07 15:34:42	DEBUG	Se ha llamado a GetAccessor para TimeAccountCreated con el valor 09:20:00.
2024-03-07 15:34:42	DEBUG	Se ha llamado a GetAccessor para TimeAccountCreated.
2024-03-07 15:34:42	DEBUG	Se ha llamado a GetAccessor para ID con el valor 2.
2024-03-07 15:34:42	DEBUG	Se ha llamado a GetAccessor para ID.
2024-03-07 15:34:42	DEBUG	Se ha llamado a GetAccessor para FirstName con el valor Ed2.
2024-03-07 15:34:42	DEBUG	Se ha llamado a GetAccessor para FirstName.
2024-03-07 15:34:42	DEBUG	Se ha llamado a GetAccessor para LastName con el valor Pérez.
2024-03-07 15:34:42	DEBUG	Se ha llamado a GetAccessor para LastName.
2024-03-07 15:34:42	DEBUG	Se ha llamado a GetAccessor para Username con el valor juanito89.
2024-03-07 15:34:42	DEBUG	Se ha llamado a GetAccessor para Username.
2024-03-07 15:34:42	DEBUG	Se ha llamado a GetAccessor para Password con el valor 5f4dcc3b5aa765d61d8327deb882cf99.
2024-03-07 15:34:42	DEBUG	Se ha llamado a GetAccessor para Password.
2024-03-07 15:34:42	DEBUG	Se ha llamado a GetAccessor para EmailAddress con el valor juanito@example.com.
2024-03-07 15:34:42	DEBUG	Se ha llamado a GetAccessor para EmailAddress.
2024-03-07 15:34:42	DEBUG	Se ha llamado a GetAccessor para DateLastLogin con el valor 2023-12-05.
2024-03-07 15:34:42	DEBUG	Se ha llamado a GetAccessor para DateLastLogin.
2024-03-07 15:34:42	DEBUG	Se ha llamado a GetAccessor para TimeLastLogin con el valor 14:30:00.
2024-03-07 15:34:42	DEBUG	Se ha llamado a GetAccessor para TimeLastLogin.
2024-03-07 15:34:42	DEBUG	Se ha llamado a GetAccessor para DateAccountCreated con el valor 2023-11-15.
2024-03-07 15:34:42	DEBUG	Se ha llamado a GetAccessor para DateAccountCreated.
2024-03-07 15:34:42	DEBUG	Se ha llamado a GetAccessor para TimeAccountCreated con el valor 08:45:00.
2024-03-07 15:34:42	DEBUG	Se ha llamado a GetAccessor para TimeAccountCreated.
2024-03-07 15:34:42	DEBUG	Se ha llamado a GetAccessor para ID con el valor 3.
2024-03-07 15:34:42	DEBUG	Se ha llamado a GetAccessor para ID.
2024-03-07 15:34:42	DEBUG	Se ha llamado a GetAccessor para FirstName con el valor Pedro.
2024-03-07 15:34:42	DEBUG	Se ha llamado a GetAccessor para FirstName.
2024-03-07 15:34:42	DEBUG	Se ha llamado a GetAccessor para LastName con el valor López.
2024-03-07 15:34:42	DEBUG	Se ha llamado a GetAccessor para LastName.
2024-03-07 15:34:42	DEBUG	Se ha llamado a GetAccessor para Username con el valor pedrito45.
2024-03-07 15:34:42	DEBUG	Se ha llamado a GetAccessor para Username.
2024-03-07 15:34:42	DEBUG	Se ha llamado a GetAccessor para Password con el valor 827ccb0eea8a706c4c34a16891f84e7b.
2024-03-07 15:34:42	DEBUG	Se ha llamado a GetAccessor para Password.
2024-03-07 15:34:42	DEBUG	Se ha llamado a GetAccessor para EmailAddress con el valor pedro@example.com.
2024-03-07 15:34:42	DEBUG	Se ha llamado a GetAccessor para EmailAddress.
2024-03-07 15:34:42	DEBUG	Se ha llamado a GetAccessor para DateLastLogin con el valor 2023-11-30.
2024-03-07 15:34:42	DEBUG	Se ha llamado a GetAccessor para DateLastLogin.
2024-03-07 15:34:42	DEBUG	Se ha llamado a GetAccessor para TimeLastLogin con el valor 16:45:00.
2024-03-07 15:34:42	DEBUG	Se ha llamado a GetAccessor para TimeLastLogin.
2024-03-07 15:34:42	DEBUG	Se ha llamado a GetAccessor para DateAccountCreated con el valor 2023-11-20.
2024-03-07 15:34:42	DEBUG	Se ha llamado a GetAccessor para DateAccountCreated.
2024-03-07 15:34:42	DEBUG	Se ha llamado a GetAccessor para TimeAccountCreated con el valor 11:10:00.
2024-03-07 15:34:42	DEBUG	Se ha llamado a GetAccessor para TimeAccountCreated.
